

Processing CastsController#index (for 127.0.0.1 at 2009-11-25 10:09:02) [GET]
  [4;36;1mCast Load (0.0ms)[0m   [0;1mSQLite3::SQLException: no such table: casts: SELECT * FROM "casts" [0m

ActiveRecord::StatementInvalid (SQLite3::SQLException: no such table: casts: SELECT * FROM "casts" ):
  app/controllers/casts_controller.rb:3:in `index'

Rendered rescues/_trace (136.6ms)
Rendered rescues/_request_and_response (1.5ms)
Rendering rescues/layout (internal_server_error)


Processing CastsController#index (for 127.0.0.1 at 2009-11-25 10:09:15) [GET]
  [4;35;1mCast Load (0.0ms)[0m   [0mSQLite3::SQLException: no such table: casts: SELECT * FROM "casts" [0m

ActiveRecord::StatementInvalid (SQLite3::SQLException: no such table: casts: SELECT * FROM "casts" ):
  app/controllers/casts_controller.rb:3:in `index'

Rendered rescues/_trace (57.4ms)
Rendered rescues/_request_and_response (0.4ms)
Rendering rescues/layout (internal_server_error)


Processing CastsController#index (for 127.0.0.1 at 2009-11-25 10:09:16) [GET]
  [4;36;1mCast Load (0.0ms)[0m   [0;1mSQLite3::SQLException: no such table: casts: SELECT * FROM "casts" [0m

ActiveRecord::StatementInvalid (SQLite3::SQLException: no such table: casts: SELECT * FROM "casts" ):
  app/controllers/casts_controller.rb:3:in `index'

Rendered rescues/_trace (55.9ms)
Rendered rescues/_request_and_response (0.5ms)
Rendering rescues/layout (internal_server_error)
  [4;36;1mSQL (0.3ms)[0m   [0;1m SELECT name
 FROM sqlite_master
 WHERE type = 'table' AND NOT name = 'sqlite_sequence'
[0m
  [4;35;1mSQL (0.1ms)[0m   [0mselect sqlite_version(*)[0m
  [4;36;1mSQL (1.6ms)[0m   [0;1mCREATE TABLE "schema_migrations" ("version" varchar(255) NOT NULL) [0m
  [4;35;1mSQL (1.3ms)[0m   [0mCREATE UNIQUE INDEX "unique_schema_migrations" ON "schema_migrations" ("version")[0m
  [4;36;1mSQL (0.2ms)[0m   [0;1m SELECT name
 FROM sqlite_master
 WHERE type = 'table' AND NOT name = 'sqlite_sequence'
[0m
  [4;35;1mSQL (0.1ms)[0m   [0mSELECT version FROM schema_migrations[0m
Migrating to CreateCasts (20091125090819)
  [4;36;1mSQL (0.5ms)[0m   [0;1mCREATE TABLE "casts" ("id" INTEGER PRIMARY KEY AUTOINCREMENT NOT NULL, "name" varchar(255), "description" text, "resource" varchar(255), "created_at" datetime, "updated_at" datetime) [0m
  [4;35;1mSQL (0.2ms)[0m   [0mINSERT INTO schema_migrations (version) VALUES ('20091125090819')[0m
  [4;36;1mSQL (0.3ms)[0m   [0;1m SELECT name
 FROM sqlite_master
 WHERE type = 'table' AND NOT name = 'sqlite_sequence'
[0m
  [4;35;1mSQL (0.2ms)[0m   [0mSELECT version FROM schema_migrations[0m
  [4;36;1mSQL (0.2ms)[0m   [0;1m SELECT name
 FROM sqlite_master
 WHERE type = 'table' AND NOT name = 'sqlite_sequence'
[0m
  [4;35;1mSQL (0.1ms)[0m   [0mPRAGMA index_list("casts")[0m


Processing CastsController#index (for 127.0.0.1 at 2009-11-25 10:09:26) [GET]
  [4;35;1mCast Load (0.5ms)[0m   [0mSELECT * FROM "casts" [0m
Rendering template within layouts/application
Rendering casts/index
Completed in 205ms (View: 106, DB: 0) | 200 OK [http://www.myhost.dev/]


Processing CastsController#new (for 127.0.0.1 at 2009-11-25 10:09:28) [GET]
Rendering template within layouts/application
Rendering casts/new
Rendered casts/_form (7.3ms)
Completed in 25ms (View: 19, DB: 0) | 200 OK [http://www.myhost.dev/casts/new]
